c:\users\administrator\source\repos\wuwafantasy\wuwafantasy\wuwafantasy\release\vc140.pdb
c:\users\administrator\source\repos\wuwafantasy\wuwafantasy\wuwafantasy\release\cmonster.obj
c:\users\administrator\source\repos\wuwafantasy\wuwafantasy\wuwafantasy\release\cmessagedispatcher.obj
c:\users\administrator\source\repos\wuwafantasy\wuwafantasy\wuwafantasy\release\cmaingame.obj
c:\users\administrator\source\repos\wuwafantasy\wuwafantasy\wuwafantasy\release\cloadinggamescene.obj
c:\users\administrator\source\repos\wuwafantasy\wuwafantasy\wuwafantasy\release\cjob.obj
c:\users\administrator\source\repos\wuwafantasy\wuwafantasy\wuwafantasy\release\citem.obj
c:\users\administrator\source\repos\wuwafantasy\wuwafantasy\wuwafantasy\release\cistate.obj
c:\users\administrator\source\repos\wuwafantasy\wuwafantasy\wuwafantasy\release\ciscript.obj
c:\users\administrator\source\repos\wuwafantasy\wuwafantasy\wuwafantasy\release\cingamescene.obj
c:\users\administrator\source\repos\wuwafantasy\wuwafantasy\wuwafantasy\release\cgamemanager.obj
c:\users\administrator\source\repos\wuwafantasy\wuwafantasy\wuwafantasy\release\cdevicemanager.obj
c:\users\administrator\source\repos\wuwafantasy\wuwafantasy\wuwafantasy\release\ciscene.obj
c:\users\administrator\source\repos\wuwafantasy\wuwafantasy\wuwafantasy\release\ciaction.obj
c:\users\administrator\source\repos\wuwafantasy\wuwafantasy\wuwafantasy\release\cheal.obj
c:\users\administrator\source\repos\wuwafantasy\wuwafantasy\wuwafantasy\release\cgrid.obj
c:\users\administrator\source\repos\wuwafantasy\wuwafantasy\wuwafantasy\release\cgameobject.obj
c:\users\administrator\source\repos\wuwafantasy\wuwafantasy\wuwafantasy\release\ccondition.obj
c:\users\administrator\source\repos\wuwafantasy\wuwafantasy\wuwafantasy\release\ccamera.obj
c:\users\administrator\source\repos\wuwafantasy\wuwafantasy\wuwafantasy\release\callocatehierarchy.obj
c:\users\administrator\source\repos\wuwafantasy\wuwafantasy\wuwafantasy\release\ctexturemanager.obj
c:\users\administrator\source\repos\wuwafantasy\wuwafantasy\wuwafantasy\release\csupply.obj
c:\users\administrator\source\repos\wuwafantasy\wuwafantasy\wuwafantasy\release\cstatus.obj
c:\users\administrator\source\repos\wuwafantasy\wuwafantasy\wuwafantasy\release\cstatemachine.obj
c:\users\administrator\source\repos\wuwafantasy\wuwafantasy\wuwafantasy\release\cspritemanager.obj
c:\users\administrator\source\repos\wuwafantasy\wuwafantasy\wuwafantasy\release\cskinnedmesh.obj
c:\users\administrator\source\repos\wuwafantasy\wuwafantasy\wuwafantasy\release\cskill.obj
c:\users\administrator\source\repos\wuwafantasy\wuwafantasy\wuwafantasy\release\cscenemanager.obj
c:\users\administrator\source\repos\wuwafantasy\wuwafantasy\wuwafantasy\release\cray.obj
c:\users\administrator\source\repos\wuwafantasy\wuwafantasy\wuwafantasy\release\crandom.obj
c:\users\administrator\source\repos\wuwafantasy\wuwafantasy\wuwafantasy\release\cpoison.obj
c:\users\administrator\source\repos\wuwafantasy\wuwafantasy\wuwafantasy\release\cplayercontrolstate.obj
c:\users\administrator\source\repos\wuwafantasy\wuwafantasy\wuwafantasy\release\cplayer.obj
c:\users\administrator\source\repos\wuwafantasy\wuwafantasy\wuwafantasy\release\cpickmanager.obj
c:\users\administrator\source\repos\wuwafantasy\wuwafantasy\wuwafantasy\release\cparsing.obj
c:\users\administrator\source\repos\wuwafantasy\wuwafantasy\wuwafantasy\release\cobjecttypescript.obj
c:\users\administrator\source\repos\wuwafantasy\wuwafantasy\wuwafantasy\release\cobjectmanager.obj
c:\users\administrator\source\repos\wuwafantasy\wuwafantasy\wuwafantasy\release\cobject.obj
c:\users\administrator\source\repos\wuwafantasy\wuwafantasy\wuwafantasy\release\cmtltex.obj
c:\users\administrator\source\repos\wuwafantasy\wuwafantasy\wuwafantasy\release\cmovingobject.obj
c:\users\administrator\source\repos\wuwafantasy\wuwafantasy\wuwafantasy\release\winmain.obj
c:\users\administrator\source\repos\wuwafantasy\wuwafantasy\wuwafantasy\release\packet.obj
c:\users\administrator\source\repos\wuwafantasy\wuwafantasy\wuwafantasy\release\cweaponskinnedmesh.obj
c:\users\administrator\source\repos\wuwafantasy\wuwafantasy\wuwafantasy\release\ctimemanager.obj
c:\users\administrator\source\repos\wuwafantasy\wuwafantasy\wuwafantasy\release\cactionmove.obj
c:\users\administrator\source\repos\wuwafantasy\wuwafantasy\wuwafantasy\release\wuwafantasy.pch
c:\users\administrator\source\repos\wuwafantasy\wuwafantasy\wuwafantasy\release\stdafx.obj
c:\users\administrator\source\repos\wuwafantasy\wuwafantasy\wuwafantasy\release\cidlestate.obj
c:\users\administrator\source\repos\wuwafantasy\wuwafantasy\wuwafantasy\release\caction.obj
c:\users\administrator\source\repos\wuwafantasy\wuwafantasy\wuwafantasy\release\cplayerglobalstate.obj
c:\users\administrator\source\repos\wuwafantasy\wuwafantasy\wuwafantasy\release\cplayerfsm.obj
c:\users\administrator\source\repos\wuwafantasy\wuwafantasy\wuwafantasy\release\cmovestate.obj
c:\users\administrator\desktop\svn\wuwafantasy\wuwafantasy\wuwafantasy\release\wuwafantasy.pch
c:\users\administrator\desktop\svn\wuwafantasy\wuwafantasy\wuwafantasy\release\vc140.pdb
c:\users\administrator\desktop\svn\wuwafantasy\wuwafantasy\wuwafantasy\release\stdafx.obj
c:\users\administrator\desktop\svn\wuwafantasy\wuwafantasy\wuwafantasy\release\cmonster.obj
c:\users\administrator\desktop\svn\wuwafantasy\wuwafantasy\wuwafantasy\release\cmessagedispatcher.obj
c:\users\administrator\desktop\svn\wuwafantasy\wuwafantasy\wuwafantasy\release\cmaingame.obj
c:\users\administrator\desktop\svn\wuwafantasy\wuwafantasy\wuwafantasy\release\cloadinggamescene.obj
c:\users\administrator\desktop\svn\wuwafantasy\wuwafantasy\wuwafantasy\release\cjob.obj
c:\users\administrator\desktop\svn\wuwafantasy\wuwafantasy\wuwafantasy\release\citem.obj
c:\users\administrator\desktop\svn\wuwafantasy\wuwafantasy\wuwafantasy\release\cistate.obj
c:\users\administrator\desktop\svn\wuwafantasy\wuwafantasy\wuwafantasy\release\ciscript.obj
c:\users\administrator\desktop\svn\wuwafantasy\wuwafantasy\wuwafantasy\release\cingamescene.obj
c:\users\administrator\desktop\svn\wuwafantasy\wuwafantasy\wuwafantasy\release\cgamemanager.obj
c:\users\administrator\desktop\svn\wuwafantasy\wuwafantasy\wuwafantasy\release\cdevicemanager.obj
c:\users\administrator\desktop\svn\wuwafantasy\wuwafantasy\wuwafantasy\release\ciscene.obj
c:\users\administrator\desktop\svn\wuwafantasy\wuwafantasy\wuwafantasy\release\cidlestate.obj
c:\users\administrator\desktop\svn\wuwafantasy\wuwafantasy\wuwafantasy\release\cheal.obj
c:\users\administrator\desktop\svn\wuwafantasy\wuwafantasy\wuwafantasy\release\cgrid.obj
c:\users\administrator\desktop\svn\wuwafantasy\wuwafantasy\wuwafantasy\release\cgameobject.obj
c:\users\administrator\desktop\svn\wuwafantasy\wuwafantasy\wuwafantasy\release\ccondition.obj
c:\users\administrator\desktop\svn\wuwafantasy\wuwafantasy\wuwafantasy\release\ccamera.obj
c:\users\administrator\desktop\svn\wuwafantasy\wuwafantasy\wuwafantasy\release\callocatehierarchy.obj
c:\users\administrator\desktop\svn\wuwafantasy\wuwafantasy\wuwafantasy\release\caction.obj
c:\users\administrator\desktop\svn\wuwafantasy\wuwafantasy\wuwafantasy\release\cstatus.obj
c:\users\administrator\desktop\svn\wuwafantasy\wuwafantasy\wuwafantasy\release\cstatemachine.obj
c:\users\administrator\desktop\svn\wuwafantasy\wuwafantasy\wuwafantasy\release\cspritemanager.obj
c:\users\administrator\desktop\svn\wuwafantasy\wuwafantasy\wuwafantasy\release\cskinnedmesh.obj
c:\users\administrator\desktop\svn\wuwafantasy\wuwafantasy\wuwafantasy\release\cskill.obj
c:\users\administrator\desktop\svn\wuwafantasy\wuwafantasy\wuwafantasy\release\cscenemanager.obj
c:\users\administrator\desktop\svn\wuwafantasy\wuwafantasy\wuwafantasy\release\cray.obj
c:\users\administrator\desktop\svn\wuwafantasy\wuwafantasy\wuwafantasy\release\crandom.obj
c:\users\administrator\desktop\svn\wuwafantasy\wuwafantasy\wuwafantasy\release\cpoison.obj
c:\users\administrator\desktop\svn\wuwafantasy\wuwafantasy\wuwafantasy\release\cplayerglobalstate.obj
c:\users\administrator\desktop\svn\wuwafantasy\wuwafantasy\wuwafantasy\release\cplayerfsm.obj
c:\users\administrator\desktop\svn\wuwafantasy\wuwafantasy\wuwafantasy\release\cmovestate.obj
c:\users\administrator\desktop\svn\wuwafantasy\wuwafantasy\wuwafantasy\release\cplayer.obj
c:\users\administrator\desktop\svn\wuwafantasy\wuwafantasy\wuwafantasy\release\cpickmanager.obj
c:\users\administrator\desktop\svn\wuwafantasy\wuwafantasy\wuwafantasy\release\cparsing.obj
c:\users\administrator\desktop\svn\wuwafantasy\wuwafantasy\wuwafantasy\release\cobjecttypescript.obj
c:\users\administrator\desktop\svn\wuwafantasy\wuwafantasy\wuwafantasy\release\cobjectmanager.obj
c:\users\administrator\desktop\svn\wuwafantasy\wuwafantasy\wuwafantasy\release\cobject.obj
c:\users\administrator\desktop\svn\wuwafantasy\wuwafantasy\wuwafantasy\release\cmtltex.obj
c:\users\administrator\desktop\svn\wuwafantasy\wuwafantasy\wuwafantasy\release\cmovingobject.obj
c:\users\administrator\desktop\svn\wuwafantasy\wuwafantasy\wuwafantasy\release\winmain.obj
c:\users\administrator\desktop\svn\wuwafantasy\wuwafantasy\wuwafantasy\release\packet.obj
c:\users\administrator\desktop\svn\wuwafantasy\wuwafantasy\wuwafantasy\release\cweaponskinnedmesh.obj
c:\users\administrator\desktop\svn\wuwafantasy\wuwafantasy\wuwafantasy\release\ctimemanager.obj
c:\users\administrator\desktop\svn\wuwafantasy\wuwafantasy\wuwafantasy\release\ctexturemanager.obj
c:\users\administrator\desktop\svn\wuwafantasy\wuwafantasy\wuwafantasy\release\csupply.obj
c:\users\administrator\source\repos\wuwafantasy\wuwafantasy\release\wuwafantasy.exe
c:\users\administrator\source\repos\wuwafantasy\wuwafantasy\release\wuwafantasy.pdb
c:\users\administrator\desktop\svn\wuwafantasy\wuwafantasy\release\wuwafantasy.exe
c:\users\administrator\desktop\svn\wuwafantasy\wuwafantasy\release\wuwafantasy.pdb
c:\users\administrator\source\repos\wuwafantasy\wuwafantasy\wuwafantasy\release\wuwafantasy.res
c:\users\administrator\desktop\svn\wuwafantasy\wuwafantasy\wuwafantasy\release\wuwafantasy.res
c:\users\administrator\desktop\svn\wuwafantasy\wuwafantasy\wuwafantasy\release\cactionmove.obj
c:\users\administrator\desktop\svn\wuwafantasy\wuwafantasy\wuwafantasy\release\ciaction.obj
c:\users\administrator\desktop\svn\wuwafantasy\wuwafantasy\wuwafantasy\release\cplayercontrolstate.obj
c:\users\administrator\desktop\svn\wuwafantasy\wuwafantasy\wuwafantasy\release\wuwafantasy.tlog\cl.command.1.tlog
c:\users\administrator\desktop\svn\wuwafantasy\wuwafantasy\wuwafantasy\release\wuwafantasy.tlog\cl.read.1.tlog
c:\users\administrator\desktop\svn\wuwafantasy\wuwafantasy\wuwafantasy\release\wuwafantasy.tlog\cl.write.1.tlog
c:\users\administrator\desktop\svn\wuwafantasy\wuwafantasy\wuwafantasy\release\wuwafantasy.tlog\link.command.1.tlog
c:\users\administrator\desktop\svn\wuwafantasy\wuwafantasy\wuwafantasy\release\wuwafantasy.tlog\link.read.1.tlog
c:\users\administrator\desktop\svn\wuwafantasy\wuwafantasy\wuwafantasy\release\wuwafantasy.tlog\link.write.1.tlog
c:\users\administrator\desktop\svn\wuwafantasy\wuwafantasy\wuwafantasy\release\wuwafantasy.tlog\rc.command.1.tlog
c:\users\administrator\desktop\svn\wuwafantasy\wuwafantasy\wuwafantasy\release\wuwafantasy.tlog\rc.read.1.tlog
c:\users\administrator\desktop\svn\wuwafantasy\wuwafantasy\wuwafantasy\release\wuwafantasy.tlog\rc.write.1.tlog
